<?xml version="1.0" encoding="UTF-8"?>
<!-- Generated by org.testng.reporters.JUnitReportReporter -->
<testsuite hostname="DESKTOP-OH6855E" failures="0" tests="6" name="actionClass.AddressAction" time="36.923" errors="0" timestamp="2023-09-02T11:02:24 IST" skipped="0">
  <testcase classname="actionClass.AddressAction" name="loginclick" time="5.847"/>
  <testcase classname="actionClass.AddressAction" name="passCreds" time="6.572"/>
  <testcase classname="actionClass.AddressAction" name="login" time="5.102"/>
  <testcase classname="actionClass.AddressAction" name="openMyAcc" time="4.584"/>
  <testcase classname="actionClass.AddressAction" name="clickAdd" time="5.703"/>
  <testcase classname="actionClass.AddressAction" name="detailAdding" time="9.115"/>
</testsuite> <!-- actionClass.AddressAction -->
