<?xml version="1.0" encoding="UTF-8"?>
<!-- Generated by org.testng.reporters.JUnitReportReporter -->
<testsuite hostname="DESKTOP-OH6855E" failures="0" tests="8" name="actionClass.RegisterAction" time="42.161" errors="0" timestamp="2023-09-03T13:04:13 IST" skipped="0">
  <testcase classname="actionClass.RegisterAction" name="genderSelection" time="10.545"/>
  <testcase classname="actionClass.RegisterAction" name="enterName" time="3.548"/>
  <testcase classname="actionClass.RegisterAction" name="dateOfBirth" time="7.059"/>
  <testcase classname="actionClass.RegisterAction" name="emailInput" time="3.273"/>
  <testcase classname="actionClass.RegisterAction" name="companyName" time="3.280"/>
  <testcase classname="actionClass.RegisterAction" name="newsletter" time="2.209"/>
  <testcase classname="actionClass.RegisterAction" name="passSet" time="5.530"/>
  <testcase classname="actionClass.RegisterAction" name="regUser" time="6.717"/>
</testsuite> <!-- actionClass.RegisterAction -->
