<?xml version="1.0" encoding="UTF-8"?>
<!-- Generated by org.testng.reporters.JUnitReportReporter -->
<testsuite hostname="DESKTOP-OH6855E" failures="0" tests="8" name="actionClass.RegisterAction" time="41.142" errors="0" timestamp="2023-08-31T16:48:40 IST" skipped="0">
  <testcase classname="actionClass.RegisterAction" name="genderSelection" time="9.429"/>
  <testcase classname="actionClass.RegisterAction" name="enterName" time="3.582"/>
  <testcase classname="actionClass.RegisterAction" name="dateOfBirth" time="7.064"/>
  <testcase classname="actionClass.RegisterAction" name="emailInput" time="3.330"/>
  <testcase classname="actionClass.RegisterAction" name="companyName" time="3.284"/>
  <testcase classname="actionClass.RegisterAction" name="newsletter" time="2.212"/>
  <testcase classname="actionClass.RegisterAction" name="passSet" time="5.556"/>
  <testcase classname="actionClass.RegisterAction" name="regUser" time="6.685"/>
</testsuite> <!-- actionClass.RegisterAction -->
