<?xml version="1.0" encoding="UTF-8"?>
<!-- Generated by org.testng.reporters.JUnitReportReporter -->
<testsuite hostname="DESKTOP-OH6855E" failures="0" tests="8" name="actionClass.RegisterAction" time="33.011" errors="0" timestamp="2023-08-30T16:15:56 IST" skipped="0">
  <testcase classname="actionClass.RegisterAction" name="genderSelection" time="9.110"/>
  <testcase classname="actionClass.RegisterAction" name="enterName" time="3.137"/>
  <testcase classname="actionClass.RegisterAction" name="dateOfBirth" time="6.323"/>
  <testcase classname="actionClass.RegisterAction" name="emailInput" time="3.083"/>
  <testcase classname="actionClass.RegisterAction" name="companyName" time="3.082"/>
  <testcase classname="actionClass.RegisterAction" name="newsletter" time="2.054"/>
  <testcase classname="actionClass.RegisterAction" name="passSet" time="5.143"/>
  <testcase classname="actionClass.RegisterAction" name="regUser" time="1.079"/>
</testsuite> <!-- actionClass.RegisterAction -->
