<?xml version="1.0" encoding="UTF-8"?>
<!-- Generated by org.testng.reporters.JUnitReportReporter -->
<testsuite hostname="DESKTOP-OH6855E" failures="0" tests="4" name="actionClass.LoginAction" time="21.317" errors="0" timestamp="2023-08-31T17:32:58 IST" skipped="0">
  <testcase classname="actionClass.LoginAction" name="loginclick" time="7.658"/>
  <testcase classname="actionClass.LoginAction" name="passCreds" time="6.535"/>
  <testcase classname="actionClass.LoginAction" name="login" time="5.500"/>
  <testcase classname="actionClass.LoginAction" name="logout" time="1.624"/>
</testsuite> <!-- actionClass.LoginAction -->
