<?xml version="1.0" encoding="UTF-8"?>
<!-- Generated by org.testng.reporters.JUnitReportReporter -->
<testsuite hostname="DESKTOP-OH6855E" failures="0" tests="4" name="actionClass.LoginAction" time="14.298" errors="0" timestamp="2023-09-01T15:32:23 IST" skipped="1">
  <testcase classname="actionClass.LoginAction" name="loginclick" time="2.603"/>
  <testcase classname="actionClass.LoginAction" name="passCreds" time="6.154"/>
  <testcase classname="actionClass.LoginAction" name="login" time="5.541"/>
  <testcase classname="actionClass.LoginAction" name="logout">
    <skipped/>
  </testcase> <!-- logout -->
</testsuite> <!-- actionClass.LoginAction -->
