<?xml version="1.0" encoding="UTF-8"?>
<!-- Generated by org.testng.reporters.JUnitReportReporter -->
<testsuite hostname="DESKTOP-OH6855E" failures="0" tests="8" name="actionClass.RegisterAction" time="36.541" errors="0" timestamp="2023-09-01T16:11:16 IST" skipped="0">
  <testcase classname="actionClass.RegisterAction" name="genderSelection" time="7.577"/>
  <testcase classname="actionClass.RegisterAction" name="enterName" time="3.144"/>
  <testcase classname="actionClass.RegisterAction" name="dateOfBirth" time="6.317"/>
  <testcase classname="actionClass.RegisterAction" name="emailInput" time="3.077"/>
  <testcase classname="actionClass.RegisterAction" name="companyName" time="3.075"/>
  <testcase classname="actionClass.RegisterAction" name="newsletter" time="2.059"/>
  <testcase classname="actionClass.RegisterAction" name="passSet" time="5.170"/>
  <testcase classname="actionClass.RegisterAction" name="regUser" time="6.122"/>
</testsuite> <!-- actionClass.RegisterAction -->
